[2026-05-26 16:05:46] Auto-backup sync starting
[2026-05-26 16:05:46] No ibis-autobackup-*.json files found in C:\Users\Daniel.starr\Downloads. Nothing to do.
[2026-05-26 16:24:43] Auto-backup sync starting
[2026-05-26 16:24:43] Latest download: ibis-autobackup-2026-05-26-20-18.json (3,045,594 bytes, modified 05/26/2026 16:18:25)
[2026-05-26 16:24:43] Copied to backups/latest.json
[2026-05-26 16:24:43] Saved timestamped snapshot: snap-2026-05-26-1618.json
[2026-05-26 16:24:43] Committing and pushing to GitHub
[2026-05-26 16:24:44] [main 22acf60] auto-backup: 2026-05-26-1618 (3,045,594 bytes)
[2026-05-26 16:24:44]  Committer: Daniel Starr <daniel.starr@ibisworld.com.au>
[2026-05-26 16:24:44] Your name and email address were configured automatically based
[2026-05-26 16:24:44] on your username and hostname. Please check that they are accurate.
[2026-05-26 16:24:44] You can suppress this message by setting them explicitly. Run the
[2026-05-26 16:24:44] following command and follow the instructions in your editor to edit
[2026-05-26 16:24:44] your configuration file:
[2026-05-26 16:24:44] 
[2026-05-26 16:24:44]     git config --global --edit
[2026-05-26 16:24:44] 
[2026-05-26 16:24:44] After doing this, you may fix the identity used for this commit with:
[2026-05-26 16:24:44] 
[2026-05-26 16:24:44]     git commit --amend --reset-author
[2026-05-26 16:24:44] 
[2026-05-26 16:24:44]  3 files changed, 9 insertions(+)
[2026-05-26 16:24:44]  create mode 100644 backups/latest.json
[2026-05-26 16:24:44]  create mode 100644 backups/snap-2026-05-26-1618.json
[2026-05-26 16:24:44]  create mode 100644 backups/sync.log
[2026-05-26 16:24:48] To https://github.com/Dabbs4Dan/ibisworld-dashboard.git
[2026-05-26 16:24:48]    d91fda5..22acf60  main -> main
[2026-05-26 16:24:48] Auto-backup sync complete.
[2026-05-26 16:26:32] Auto-backup sync starting
[2026-05-26 16:26:32] Latest download: ibis-autobackup-2026-05-26-20-18.json (3,045,594 bytes, modified 05/26/2026 16:18:25)
[2026-05-26 16:26:32] Latest download is older than committed latest.json. Nothing new to sync.
[2026-05-26 16:28:22] Auto-backup sync starting
[2026-05-26 16:28:22] Latest download: ibis-autobackup-2026-05-26-20-18.json (3,045,594 bytes, modified 05/26/2026 16:18:25)
[2026-05-26 16:28:22] Latest download is older than committed latest.json. Nothing new to sync.
